!SESSION 2024-08-30 10:04:41.260 -----------------------------------------------
eclipse.buildId=4.23.0.I20220308-0310
java.version=11.0.13
java.vendor=Eclipse Adoptium
BootLoader constants: OS=win32, ARCH=x86_64, WS=win32, NL=en_US
Framework arguments:  -product com.ti.ccstudio.branding.product
Command-line arguments:  -os win32 -ws win32 -arch x86_64 -product com.ti.ccstudio.branding.product

This is a continuation of log file C:\Users\priva\OneDrive - Texas Tech University\Documents\ccs_workspace\.metadata\.bak_0.log
Created Time: 2024-08-30 10:05:38.472

!ENTRY org.eclipse.equinox.p2.metadata.repository 4 0 2024-08-30 10:05:38.472
!MESSAGE Unexpected error loading extension: org.eclipse.equinox.p2.updatesite.metadataRepository
!STACK 0
java.lang.NullPointerException
	at org.eclipse.equinox.internal.p2.updatesite.metadata.UpdateSiteMetadataRepositoryFactory.getLocalRepositoryLocation(UpdateSiteMetadataRepositoryFactory.java:40)
	at org.eclipse.equinox.internal.p2.updatesite.metadata.UpdateSiteMetadataRepositoryFactory.loadRepository(UpdateSiteMetadataRepositoryFactory.java:94)
	at org.eclipse.equinox.internal.p2.updatesite.metadata.UpdateSiteMetadataRepositoryFactory.load(UpdateSiteMetadataRepositoryFactory.java:60)
	at org.eclipse.equinox.internal.p2.metadata.repository.MetadataRepositoryManager.factoryLoad(MetadataRepositoryManager.java:63)
	at org.eclipse.equinox.internal.p2.repository.helpers.AbstractRepositoryManager.loadRepository(AbstractRepositoryManager.java:787)
	at org.eclipse.equinox.internal.p2.repository.helpers.AbstractRepositoryManager.loadRepository(AbstractRepositoryManager.java:685)
	at org.eclipse.equinox.internal.p2.metadata.repository.MetadataRepositoryManager.loadRepository(MetadataRepositoryManager.java:110)
	at org.eclipse.equinox.internal.p2.metadata.repository.MetadataRepositoryManager.loadRepository(MetadataRepositoryManager.java:105)
	at org.eclipse.equinox.internal.p2.metadata.repository.CompositeMetadataRepository.addChild(CompositeMetadataRepository.java:171)
	at org.eclipse.equinox.internal.p2.metadata.repository.CompositeMetadataRepository.<init>(CompositeMetadataRepository.java:113)
	at org.eclipse.equinox.internal.p2.metadata.repository.CompositeMetadataRepositoryFactory.load(CompositeMetadataRepositoryFactory.java:124)
	at org.eclipse.equinox.internal.p2.metadata.repository.MetadataRepositoryManager.factoryLoad(MetadataRepositoryManager.java:63)
	at org.eclipse.equinox.internal.p2.repository.helpers.AbstractRepositoryManager.loadRepository(AbstractRepositoryManager.java:787)
	at org.eclipse.equinox.internal.p2.repository.helpers.AbstractRepositoryManager.loadRepository(AbstractRepositoryManager.java:685)
	at org.eclipse.equinox.internal.p2.metadata.repository.MetadataRepositoryManager.loadRepository(MetadataRepositoryManager.java:110)
	at org.eclipse.equinox.internal.p2.metadata.repository.MetadataRepositoryManager.loadRepository(MetadataRepositoryManager.java:105)
	at org.eclipse.equinox.internal.p2.updatechecker.UpdateChecker.getAvailableRepositories(UpdateChecker.java:152)
	at org.eclipse.equinox.internal.p2.updatechecker.UpdateChecker.checkForUpdates(UpdateChecker.java:130)
	at org.eclipse.equinox.internal.p2.updatechecker.UpdateChecker$UpdateCheckThread.run(UpdateChecker.java:78)

!ENTRY org.eclipse.equinox.p2.core 4 0 2024-08-30 10:05:38.473
!MESSAGE Provisioning exception
!STACK 1
org.eclipse.equinox.p2.core.ProvisionException: No repository found at https://software-dl.ti.com/ccs/esd/CCSv12/Updates/CCS12.4.0.00007_update.
	at org.eclipse.equinox.internal.p2.repository.helpers.AbstractRepositoryManager.fail(AbstractRepositoryManager.java:405)
	at org.eclipse.equinox.internal.p2.repository.helpers.AbstractRepositoryManager.loadRepository(AbstractRepositoryManager.java:709)
	at org.eclipse.equinox.internal.p2.metadata.repository.MetadataRepositoryManager.loadRepository(MetadataRepositoryManager.java:110)
	at org.eclipse.equinox.internal.p2.metadata.repository.MetadataRepositoryManager.loadRepository(MetadataRepositoryManager.java:105)
	at org.eclipse.equinox.internal.p2.metadata.repository.CompositeMetadataRepository.addChild(CompositeMetadataRepository.java:171)
	at org.eclipse.equinox.internal.p2.metadata.repository.CompositeMetadataRepository.<init>(CompositeMetadataRepository.java:113)
	at org.eclipse.equinox.internal.p2.metadata.repository.CompositeMetadataRepositoryFactory.load(CompositeMetadataRepositoryFactory.java:124)
	at org.eclipse.equinox.internal.p2.metadata.repository.MetadataRepositoryManager.factoryLoad(MetadataRepositoryManager.java:63)
	at org.eclipse.equinox.internal.p2.repository.helpers.AbstractRepositoryManager.loadRepository(AbstractRepositoryManager.java:787)
	at org.eclipse.equinox.internal.p2.repository.helpers.AbstractRepositoryManager.loadRepository(AbstractRepositoryManager.java:685)
	at org.eclipse.equinox.internal.p2.metadata.repository.MetadataRepositoryManager.loadRepository(MetadataRepositoryManager.java:110)
	at org.eclipse.equinox.internal.p2.metadata.repository.MetadataRepositoryManager.loadRepository(MetadataRepositoryManager.java:105)
	at org.eclipse.equinox.internal.p2.updatechecker.UpdateChecker.getAvailableRepositories(UpdateChecker.java:152)
	at org.eclipse.equinox.internal.p2.updatechecker.UpdateChecker.checkForUpdates(UpdateChecker.java:130)
	at org.eclipse.equinox.internal.p2.updatechecker.UpdateChecker$UpdateCheckThread.run(UpdateChecker.java:78)
!SUBENTRY 1 org.eclipse.equinox.p2.metadata.repository 4 1000 2024-08-30 10:05:38.473
!MESSAGE No repository found at https://software-dl.ti.com/ccs/esd/CCSv12/Updates/CCS12.4.0.00007_update.

!ENTRY org.eclipse.equinox.p2.metadata.repository 4 0 2024-08-30 10:05:38.474
!MESSAGE Unexpected error loading extension: org.eclipse.equinox.p2.metadata.repository.simpleRepository
!STACK 0
java.lang.NullPointerException
	at org.osgi.util.tracker.ServiceTracker.<init>(ServiceTracker.java:187)
	at org.osgi.util.tracker.ServiceTracker.<init>(ServiceTracker.java:250)
	at org.eclipse.ecf.internal.provider.filetransfer.httpclient5.Activator.getHttpClientFactory(Activator.java:242)
	at org.eclipse.ecf.internal.provider.filetransfer.httpclient5.Activator.getBrowseHttpClient(Activator.java:267)
	at org.eclipse.ecf.provider.filetransfer.httpclient5.HttpClientBrowseFileTransferFactory$1.sendBrowseRequest(HttpClientBrowseFileTransferFactory.java:59)
	at org.eclipse.ecf.provider.filetransfer.browse.MultiProtocolFileSystemBrowserAdapter.sendBrowseRequest(MultiProtocolFileSystemBrowserAdapter.java:97)
	at org.eclipse.equinox.internal.p2.transport.ecf.FileInfoReader.sendBrowseRequest(FileInfoReader.java:184)
	at org.eclipse.equinox.internal.p2.transport.ecf.FileInfoReader.getRemoteFiles(FileInfoReader.java:109)
	at org.eclipse.equinox.internal.p2.transport.ecf.FileInfoReader.getRemoteFile(FileInfoReader.java:125)
	at org.eclipse.equinox.internal.p2.transport.ecf.FileInfoReader.getLastModified(FileInfoReader.java:130)
	at org.eclipse.equinox.internal.p2.transport.ecf.RepositoryTransport.getLastModified(RepositoryTransport.java:249)
	at org.eclipse.equinox.internal.p2.repository.CacheManager.getLastModified(CacheManager.java:283)
	at org.eclipse.equinox.internal.p2.repository.CacheManager.createCache(CacheManager.java:231)
	at org.eclipse.equinox.internal.p2.metadata.repository.SimpleMetadataRepositoryFactory.getLocalFile(SimpleMetadataRepositoryFactory.java:69)
	at org.eclipse.equinox.internal.p2.metadata.repository.SimpleMetadataRepositoryFactory.load(SimpleMetadataRepositoryFactory.java:89)
	at org.eclipse.equinox.internal.p2.metadata.repository.MetadataRepositoryManager.factoryLoad(MetadataRepositoryManager.java:63)
	at org.eclipse.equinox.internal.p2.repository.helpers.AbstractRepositoryManager.loadRepository(AbstractRepositoryManager.java:787)
	at org.eclipse.equinox.internal.p2.repository.helpers.AbstractRepositoryManager.loadRepository(AbstractRepositoryManager.java:685)
	at org.eclipse.equinox.internal.p2.metadata.repository.MetadataRepositoryManager.loadRepository(MetadataRepositoryManager.java:110)
	at org.eclipse.equinox.internal.p2.metadata.repository.MetadataRepositoryManager.loadRepository(MetadataRepositoryManager.java:105)
	at org.eclipse.equinox.internal.p2.metadata.repository.CompositeMetadataRepository.addChild(CompositeMetadataRepository.java:171)
	at org.eclipse.equinox.internal.p2.metadata.repository.CompositeMetadataRepository.<init>(CompositeMetadataRepository.java:113)
	at org.eclipse.equinox.internal.p2.metadata.repository.CompositeMetadataRepositoryFactory.load(CompositeMetadataRepositoryFactory.java:124)
	at org.eclipse.equinox.internal.p2.metadata.repository.MetadataRepositoryManager.factoryLoad(MetadataRepositoryManager.java:63)
	at org.eclipse.equinox.internal.p2.repository.helpers.AbstractRepositoryManager.loadRepository(AbstractRepositoryManager.java:787)
	at org.eclipse.equinox.internal.p2.repository.helpers.AbstractRepositoryManager.loadRepository(AbstractRepositoryManager.java:685)
	at org.eclipse.equinox.internal.p2.metadata.repository.MetadataRepositoryManager.loadRepository(MetadataRepositoryManager.java:110)
	at org.eclipse.equinox.internal.p2.metadata.repository.MetadataRepositoryManager.loadRepository(MetadataRepositoryManager.java:105)
	at org.eclipse.equinox.internal.p2.updatechecker.UpdateChecker.getAvailableRepositories(UpdateChecker.java:152)
	at org.eclipse.equinox.internal.p2.updatechecker.UpdateChecker.checkForUpdates(UpdateChecker.java:130)
	at org.eclipse.equinox.internal.p2.updatechecker.UpdateChecker$UpdateCheckThread.run(UpdateChecker.java:78)

!ENTRY org.eclipse.equinox.p2.metadata.repository 4 0 2024-08-30 10:05:38.476
!MESSAGE Unexpected error loading extension: org.eclipse.equinox.p2.metadata.repository.compositeRepository
!STACK 0
java.lang.NullPointerException
	at org.osgi.util.tracker.ServiceTracker.<init>(ServiceTracker.java:187)
	at org.osgi.util.tracker.ServiceTracker.<init>(ServiceTracker.java:250)
	at org.eclipse.ecf.internal.provider.filetransfer.httpclient5.Activator.getHttpClientFactory(Activator.java:242)
	at org.eclipse.ecf.internal.provider.filetransfer.httpclient5.Activator.getBrowseHttpClient(Activator.java:267)
	at org.eclipse.ecf.provider.filetransfer.httpclient5.HttpClientBrowseFileTransferFactory$1.sendBrowseRequest(HttpClientBrowseFileTransferFactory.java:59)
	at org.eclipse.ecf.provider.filetransfer.browse.MultiProtocolFileSystemBrowserAdapter.sendBrowseRequest(MultiProtocolFileSystemBrowserAdapter.java:97)
	at org.eclipse.equinox.internal.p2.transport.ecf.FileInfoReader.sendBrowseRequest(FileInfoReader.java:184)
	at org.eclipse.equinox.internal.p2.transport.ecf.FileInfoReader.getRemoteFiles(FileInfoReader.java:109)
	at org.eclipse.equinox.internal.p2.transport.ecf.FileInfoReader.getRemoteFile(FileInfoReader.java:125)
	at org.eclipse.equinox.internal.p2.transport.ecf.FileInfoReader.getLastModified(FileInfoReader.java:130)
	at org.eclipse.equinox.internal.p2.transport.ecf.RepositoryTransport.getLastModified(RepositoryTransport.java:249)
	at org.eclipse.equinox.internal.p2.repository.CacheManager.getLastModified(CacheManager.java:283)
	at org.eclipse.equinox.internal.p2.repository.CacheManager.createCache(CacheManager.java:231)
	at org.eclipse.equinox.internal.p2.metadata.repository.CompositeMetadataRepositoryFactory.getLocalFile(CompositeMetadataRepositoryFactory.java:77)
	at org.eclipse.equinox.internal.p2.metadata.repository.CompositeMetadataRepositoryFactory.load(CompositeMetadataRepositoryFactory.java:100)
	at org.eclipse.equinox.internal.p2.metadata.repository.MetadataRepositoryManager.factoryLoad(MetadataRepositoryManager.java:63)
	at org.eclipse.equinox.internal.p2.repository.helpers.AbstractRepositoryManager.loadRepository(AbstractRepositoryManager.java:787)
	at org.eclipse.equinox.internal.p2.repository.helpers.AbstractRepositoryManager.loadRepository(AbstractRepositoryManager.java:685)
	at org.eclipse.equinox.internal.p2.metadata.repository.MetadataRepositoryManager.loadRepository(MetadataRepositoryManager.java:110)
	at org.eclipse.equinox.internal.p2.metadata.repository.MetadataRepositoryManager.loadRepository(MetadataRepositoryManager.java:105)
	at org.eclipse.equinox.internal.p2.metadata.repository.CompositeMetadataRepository.addChild(CompositeMetadataRepository.java:171)
	at org.eclipse.equinox.internal.p2.metadata.repository.CompositeMetadataRepository.<init>(CompositeMetadataRepository.java:113)
	at org.eclipse.equinox.internal.p2.metadata.repository.CompositeMetadataRepositoryFactory.load(CompositeMetadataRepositoryFactory.java:124)
	at org.eclipse.equinox.internal.p2.metadata.repository.MetadataRepositoryManager.factoryLoad(MetadataRepositoryManager.java:63)
	at org.eclipse.equinox.internal.p2.repository.helpers.AbstractRepositoryManager.loadRepository(AbstractRepositoryManager.java:787)
	at org.eclipse.equinox.internal.p2.repository.helpers.AbstractRepositoryManager.loadRepository(AbstractRepositoryManager.java:685)
	at org.eclipse.equinox.internal.p2.metadata.repository.MetadataRepositoryManager.loadRepository(MetadataRepositoryManager.java:110)
	at org.eclipse.equinox.internal.p2.metadata.repository.MetadataRepositoryManager.loadRepository(MetadataRepositoryManager.java:105)
	at org.eclipse.equinox.internal.p2.updatechecker.UpdateChecker.getAvailableRepositories(UpdateChecker.java:152)
	at org.eclipse.equinox.internal.p2.updatechecker.UpdateChecker.checkForUpdates(UpdateChecker.java:130)
	at org.eclipse.equinox.internal.p2.updatechecker.UpdateChecker$UpdateCheckThread.run(UpdateChecker.java:78)

!ENTRY org.eclipse.equinox.p2.metadata.repository 4 0 2024-08-30 10:05:38.476
!MESSAGE Unexpected error loading extension: org.eclipse.equinox.p2.updatesite.metadataRepository
!STACK 0
java.lang.NullPointerException
	at org.eclipse.equinox.internal.p2.updatesite.metadata.UpdateSiteMetadataRepositoryFactory.getLocalRepositoryLocation(UpdateSiteMetadataRepositoryFactory.java:40)
	at org.eclipse.equinox.internal.p2.updatesite.metadata.UpdateSiteMetadataRepositoryFactory.loadRepository(UpdateSiteMetadataRepositoryFactory.java:94)
	at org.eclipse.equinox.internal.p2.updatesite.metadata.UpdateSiteMetadataRepositoryFactory.load(UpdateSiteMetadataRepositoryFactory.java:60)
	at org.eclipse.equinox.internal.p2.metadata.repository.MetadataRepositoryManager.factoryLoad(MetadataRepositoryManager.java:63)
	at org.eclipse.equinox.internal.p2.repository.helpers.AbstractRepositoryManager.loadRepository(AbstractRepositoryManager.java:787)
	at org.eclipse.equinox.internal.p2.repository.helpers.AbstractRepositoryManager.loadRepository(AbstractRepositoryManager.java:685)
	at org.eclipse.equinox.internal.p2.metadata.repository.MetadataRepositoryManager.loadRepository(MetadataRepositoryManager.java:110)
	at org.eclipse.equinox.internal.p2.metadata.repository.MetadataRepositoryManager.loadRepository(MetadataRepositoryManager.java:105)
	at org.eclipse.equinox.internal.p2.metadata.repository.CompositeMetadataRepository.addChild(CompositeMetadataRepository.java:171)
	at org.eclipse.equinox.internal.p2.metadata.repository.CompositeMetadataRepository.<init>(CompositeMetadataRepository.java:113)
	at org.eclipse.equinox.internal.p2.metadata.repository.CompositeMetadataRepositoryFactory.load(CompositeMetadataRepositoryFactory.java:124)
	at org.eclipse.equinox.internal.p2.metadata.repository.MetadataRepositoryManager.factoryLoad(MetadataRepositoryManager.java:63)
	at org.eclipse.equinox.internal.p2.repository.helpers.AbstractRepositoryManager.loadRepository(AbstractRepositoryManager.java:787)
	at org.eclipse.equinox.internal.p2.repository.helpers.AbstractRepositoryManager.loadRepository(AbstractRepositoryManager.java:685)
	at org.eclipse.equinox.internal.p2.metadata.repository.MetadataRepositoryManager.loadRepository(MetadataRepositoryManager.java:110)
	at org.eclipse.equinox.internal.p2.metadata.repository.MetadataRepositoryManager.loadRepository(MetadataRepositoryManager.java:105)
	at org.eclipse.equinox.internal.p2.updatechecker.UpdateChecker.getAvailableRepositories(UpdateChecker.java:152)
	at org.eclipse.equinox.internal.p2.updatechecker.UpdateChecker.checkForUpdates(UpdateChecker.java:130)
	at org.eclipse.equinox.internal.p2.updatechecker.UpdateChecker$UpdateCheckThread.run(UpdateChecker.java:78)

!ENTRY org.eclipse.equinox.p2.core 4 0 2024-08-30 10:05:38.477
!MESSAGE Provisioning exception
!STACK 1
org.eclipse.equinox.p2.core.ProvisionException: No repository found at https://software-dl.ti.com/ccs/esd/CCSv12/Updates/CCS12.6.0.00008_update.
	at org.eclipse.equinox.internal.p2.repository.helpers.AbstractRepositoryManager.fail(AbstractRepositoryManager.java:405)
	at org.eclipse.equinox.internal.p2.repository.helpers.AbstractRepositoryManager.loadRepository(AbstractRepositoryManager.java:709)
	at org.eclipse.equinox.internal.p2.metadata.repository.MetadataRepositoryManager.loadRepository(MetadataRepositoryManager.java:110)
	at org.eclipse.equinox.internal.p2.metadata.repository.MetadataRepositoryManager.loadRepository(MetadataRepositoryManager.java:105)
	at org.eclipse.equinox.internal.p2.metadata.repository.CompositeMetadataRepository.addChild(CompositeMetadataRepository.java:171)
	at org.eclipse.equinox.internal.p2.metadata.repository.CompositeMetadataRepository.<init>(CompositeMetadataRepository.java:113)
	at org.eclipse.equinox.internal.p2.metadata.repository.CompositeMetadataRepositoryFactory.load(CompositeMetadataRepositoryFactory.java:124)
	at org.eclipse.equinox.internal.p2.metadata.repository.MetadataRepositoryManager.factoryLoad(MetadataRepositoryManager.java:63)
	at org.eclipse.equinox.internal.p2.repository.helpers.AbstractRepositoryManager.loadRepository(AbstractRepositoryManager.java:787)
	at org.eclipse.equinox.internal.p2.repository.helpers.AbstractRepositoryManager.loadRepository(AbstractRepositoryManager.java:685)
	at org.eclipse.equinox.internal.p2.metadata.repository.MetadataRepositoryManager.loadRepository(MetadataRepositoryManager.java:110)
	at org.eclipse.equinox.internal.p2.metadata.repository.MetadataRepositoryManager.loadRepository(MetadataRepositoryManager.java:105)
	at org.eclipse.equinox.internal.p2.updatechecker.UpdateChecker.getAvailableRepositories(UpdateChecker.java:152)
	at org.eclipse.equinox.internal.p2.updatechecker.UpdateChecker.checkForUpdates(UpdateChecker.java:130)
	at org.eclipse.equinox.internal.p2.updatechecker.UpdateChecker$UpdateCheckThread.run(UpdateChecker.java:78)
!SUBENTRY 1 org.eclipse.equinox.p2.metadata.repository 4 1000 2024-08-30 10:05:38.477
!MESSAGE No repository found at https://software-dl.ti.com/ccs/esd/CCSv12/Updates/CCS12.6.0.00008_update.

!ENTRY org.eclipse.equinox.p2.metadata.repository 4 0 2024-08-30 10:05:38.478
!MESSAGE Unexpected error loading extension: org.eclipse.equinox.p2.metadata.repository.simpleRepository
!STACK 0
java.lang.NullPointerException
	at org.osgi.util.tracker.ServiceTracker.<init>(ServiceTracker.java:187)
	at org.osgi.util.tracker.ServiceTracker.<init>(ServiceTracker.java:250)
	at org.eclipse.ecf.internal.provider.filetransfer.httpclient5.Activator.getHttpClientFactory(Activator.java:242)
	at org.eclipse.ecf.internal.provider.filetransfer.httpclient5.Activator.getBrowseHttpClient(Activator.java:267)
	at org.eclipse.ecf.provider.filetransfer.httpclient5.HttpClientBrowseFileTransferFactory$1.sendBrowseRequest(HttpClientBrowseFileTransferFactory.java:59)
	at org.eclipse.ecf.provider.filetransfer.browse.MultiProtocolFileSystemBrowserAdapter.sendBrowseRequest(MultiProtocolFileSystemBrowserAdapter.java:97)
	at org.eclipse.equinox.internal.p2.transport.ecf.FileInfoReader.sendBrowseRequest(FileInfoReader.java:184)
	at org.eclipse.equinox.internal.p2.transport.ecf.FileInfoReader.getRemoteFiles(FileInfoReader.java:109)
	at org.eclipse.equinox.internal.p2.transport.ecf.FileInfoReader.getRemoteFile(FileInfoReader.java:125)
	at org.eclipse.equinox.internal.p2.transport.ecf.FileInfoReader.getLastModified(FileInfoReader.java:130)
	at org.eclipse.equinox.internal.p2.transport.ecf.RepositoryTransport.getLastModified(RepositoryTransport.java:249)
	at org.eclipse.equinox.internal.p2.repository.CacheManager.getLastModified(CacheManager.java:283)
	at org.eclipse.equinox.internal.p2.repository.CacheManager.createCache(CacheManager.java:231)
	at org.eclipse.equinox.internal.p2.metadata.repository.SimpleMetadataRepositoryFactory.getLocalFile(SimpleMetadataRepositoryFactory.java:69)
	at org.eclipse.equinox.internal.p2.metadata.repository.SimpleMetadataRepositoryFactory.load(SimpleMetadataRepositoryFactory.java:89)
	at org.eclipse.equinox.internal.p2.metadata.repository.MetadataRepositoryManager.factoryLoad(MetadataRepositoryManager.java:63)
	at org.eclipse.equinox.internal.p2.repository.helpers.AbstractRepositoryManager.loadRepository(AbstractRepositoryManager.java:787)
	at org.eclipse.equinox.internal.p2.repository.helpers.AbstractRepositoryManager.loadRepository(AbstractRepositoryManager.java:685)
	at org.eclipse.equinox.internal.p2.metadata.repository.MetadataRepositoryManager.loadRepository(MetadataRepositoryManager.java:110)
	at org.eclipse.equinox.internal.p2.metadata.repository.MetadataRepositoryManager.loadRepository(MetadataRepositoryManager.java:105)
	at org.eclipse.equinox.internal.p2.metadata.repository.CompositeMetadataRepository.addChild(CompositeMetadataRepository.java:171)
	at org.eclipse.equinox.internal.p2.metadata.repository.CompositeMetadataRepository.<init>(CompositeMetadataRepository.java:113)
	at org.eclipse.equinox.internal.p2.metadata.repository.CompositeMetadataRepositoryFactory.load(CompositeMetadataRepositoryFactory.java:124)
	at org.eclipse.equinox.internal.p2.metadata.repository.MetadataRepositoryManager.factoryLoad(MetadataRepositoryManager.java:63)
	at org.eclipse.equinox.internal.p2.repository.helpers.AbstractRepositoryManager.loadRepository(AbstractRepositoryManager.java:787)
	at org.eclipse.equinox.internal.p2.repository.helpers.AbstractRepositoryManager.loadRepository(AbstractRepositoryManager.java:685)
	at org.eclipse.equinox.internal.p2.metadata.repository.MetadataRepositoryManager.loadRepository(MetadataRepositoryManager.java:110)
	at org.eclipse.equinox.internal.p2.metadata.repository.MetadataRepositoryManager.loadRepository(MetadataRepositoryManager.java:105)
	at org.eclipse.equinox.internal.p2.updatechecker.UpdateChecker.getAvailableRepositories(UpdateChecker.java:152)
	at org.eclipse.equinox.internal.p2.updatechecker.UpdateChecker.checkForUpdates(UpdateChecker.java:130)
	at org.eclipse.equinox.internal.p2.updatechecker.UpdateChecker$UpdateCheckThread.run(UpdateChecker.java:78)

!ENTRY org.eclipse.equinox.p2.metadata.repository 4 0 2024-08-30 10:05:38.478
!MESSAGE Unexpected error loading extension: org.eclipse.equinox.p2.metadata.repository.compositeRepository
!STACK 0
java.lang.NullPointerException
	at org.osgi.util.tracker.ServiceTracker.<init>(ServiceTracker.java:187)
	at org.osgi.util.tracker.ServiceTracker.<init>(ServiceTracker.java:250)
	at org.eclipse.ecf.internal.provider.filetransfer.httpclient5.Activator.getHttpClientFactory(Activator.java:242)
	at org.eclipse.ecf.internal.provider.filetransfer.httpclient5.Activator.getBrowseHttpClient(Activator.java:267)
	at org.eclipse.ecf.provider.filetransfer.httpclient5.HttpClientBrowseFileTransferFactory$1.sendBrowseRequest(HttpClientBrowseFileTransferFactory.java:59)
	at org.eclipse.ecf.provider.filetransfer.browse.MultiProtocolFileSystemBrowserAdapter.sendBrowseRequest(MultiProtocolFileSystemBrowserAdapter.java:97)
	at org.eclipse.equinox.internal.p2.transport.ecf.FileInfoReader.sendBrowseRequest(FileInfoReader.java:184)
	at org.eclipse.equinox.internal.p2.transport.ecf.FileInfoReader.getRemoteFiles(FileInfoReader.java:109)
	at org.eclipse.equinox.internal.p2.transport.ecf.FileInfoReader.getRemoteFile(FileInfoReader.java:125)
	at org.eclipse.equinox.internal.p2.transport.ecf.FileInfoReader.getLastModified(FileInfoReader.java:130)
	at org.eclipse.equinox.internal.p2.transport.ecf.RepositoryTransport.getLastModified(RepositoryTransport.java:249)
	at org.eclipse.equinox.internal.p2.repository.CacheManager.getLastModified(CacheManager.java:283)
	at org.eclipse.equinox.internal.p2.repository.CacheManager.createCache(CacheManager.java:231)
	at org.eclipse.equinox.internal.p2.metadata.repository.CompositeMetadataRepositoryFactory.getLocalFile(CompositeMetadataRepositoryFactory.java:77)
	at org.eclipse.equinox.internal.p2.metadata.repository.CompositeMetadataRepositoryFactory.load(CompositeMetadataRepositoryFactory.java:100)
	at org.eclipse.equinox.internal.p2.metadata.repository.MetadataRepositoryManager.factoryLoad(MetadataRepositoryManager.java:63)
	at org.eclipse.equinox.internal.p2.repository.helpers.AbstractRepositoryManager.loadRepository(AbstractRepositoryManager.java:787)
	at org.eclipse.equinox.internal.p2.repository.helpers.AbstractRepositoryManager.loadRepository(AbstractRepositoryManager.java:685)
	at org.eclipse.equinox.internal.p2.metadata.repository.MetadataRepositoryManager.loadRepository(MetadataRepositoryManager.java:110)
	at org.eclipse.equinox.internal.p2.metadata.repository.MetadataRepositoryManager.loadRepository(MetadataRepositoryManager.java:105)
	at org.eclipse.equinox.internal.p2.metadata.repository.CompositeMetadataRepository.addChild(CompositeMetadataRepository.java:171)
	at org.eclipse.equinox.internal.p2.metadata.repository.CompositeMetadataRepository.<init>(CompositeMetadataRepository.java:113)
	at org.eclipse.equinox.internal.p2.metadata.repository.CompositeMetadataRepositoryFactory.load(CompositeMetadataRepositoryFactory.java:124)
	at org.eclipse.equinox.internal.p2.metadata.repository.MetadataRepositoryManager.factoryLoad(MetadataRepositoryManager.java:63)
	at org.eclipse.equinox.internal.p2.repository.helpers.AbstractRepositoryManager.loadRepository(AbstractRepositoryManager.java:787)
	at org.eclipse.equinox.internal.p2.repository.helpers.AbstractRepositoryManager.loadRepository(AbstractRepositoryManager.java:685)
	at org.eclipse.equinox.internal.p2.metadata.repository.MetadataRepositoryManager.loadRepository(MetadataRepositoryManager.java:110)
	at org.eclipse.equinox.internal.p2.metadata.repository.MetadataRepositoryManager.loadRepository(MetadataRepositoryManager.java:105)
	at org.eclipse.equinox.internal.p2.updatechecker.UpdateChecker.getAvailableRepositories(UpdateChecker.java:152)
	at org.eclipse.equinox.internal.p2.updatechecker.UpdateChecker.checkForUpdates(UpdateChecker.java:130)
	at org.eclipse.equinox.internal.p2.updatechecker.UpdateChecker$UpdateCheckThread.run(UpdateChecker.java:78)

!ENTRY org.eclipse.equinox.p2.metadata.repository 4 0 2024-08-30 10:05:38.478
!MESSAGE Unexpected error loading extension: org.eclipse.equinox.p2.updatesite.metadataRepository
!STACK 0
java.lang.NullPointerException
	at org.eclipse.equinox.internal.p2.updatesite.metadata.UpdateSiteMetadataRepositoryFactory.getLocalRepositoryLocation(UpdateSiteMetadataRepositoryFactory.java:40)
	at org.eclipse.equinox.internal.p2.updatesite.metadata.UpdateSiteMetadataRepositoryFactory.loadRepository(UpdateSiteMetadataRepositoryFactory.java:94)
	at org.eclipse.equinox.internal.p2.updatesite.metadata.UpdateSiteMetadataRepositoryFactory.load(UpdateSiteMetadataRepositoryFactory.java:60)
	at org.eclipse.equinox.internal.p2.metadata.repository.MetadataRepositoryManager.factoryLoad(MetadataRepositoryManager.java:63)
	at org.eclipse.equinox.internal.p2.repository.helpers.AbstractRepositoryManager.loadRepository(AbstractRepositoryManager.java:787)
	at org.eclipse.equinox.internal.p2.repository.helpers.AbstractRepositoryManager.loadRepository(AbstractRepositoryManager.java:685)
	at org.eclipse.equinox.internal.p2.metadata.repository.MetadataRepositoryManager.loadRepository(MetadataRepositoryManager.java:110)
	at org.eclipse.equinox.internal.p2.metadata.repository.MetadataRepositoryManager.loadRepository(MetadataRepositoryManager.java:105)
	at org.eclipse.equinox.internal.p2.metadata.repository.CompositeMetadataRepository.addChild(CompositeMetadataRepository.java:171)
	at org.eclipse.equinox.internal.p2.metadata.repository.CompositeMetadataRepository.<init>(CompositeMetadataRepository.java:113)
	at org.eclipse.equinox.internal.p2.metadata.repository.CompositeMetadataRepositoryFactory.load(CompositeMetadataRepositoryFactory.java:124)
	at org.eclipse.equinox.internal.p2.metadata.repository.MetadataRepositoryManager.factoryLoad(MetadataRepositoryManager.java:63)
	at org.eclipse.equinox.internal.p2.repository.helpers.AbstractRepositoryManager.loadRepository(AbstractRepositoryManager.java:787)
	at org.eclipse.equinox.internal.p2.repository.helpers.AbstractRepositoryManager.loadRepository(AbstractRepositoryManager.java:685)
	at org.eclipse.equinox.internal.p2.metadata.repository.MetadataRepositoryManager.loadRepository(MetadataRepositoryManager.java:110)
	at org.eclipse.equinox.internal.p2.metadata.repository.MetadataRepositoryManager.loadRepository(MetadataRepositoryManager.java:105)
	at org.eclipse.equinox.internal.p2.updatechecker.UpdateChecker.getAvailableRepositories(UpdateChecker.java:152)
	at org.eclipse.equinox.internal.p2.updatechecker.UpdateChecker.checkForUpdates(UpdateChecker.java:130)
	at org.eclipse.equinox.internal.p2.updatechecker.UpdateChecker$UpdateCheckThread.run(UpdateChecker.java:78)

!ENTRY org.eclipse.equinox.p2.core 4 0 2024-08-30 10:05:38.479
!MESSAGE Provisioning exception
!STACK 1
org.eclipse.equinox.p2.core.ProvisionException: No repository found at https://software-dl.ti.com/ccs/esd/CCSv12/Updates/CCS12.7.0.00007_update.
	at org.eclipse.equinox.internal.p2.repository.helpers.AbstractRepositoryManager.fail(AbstractRepositoryManager.java:405)
	at org.eclipse.equinox.internal.p2.repository.helpers.AbstractRepositoryManager.loadRepository(AbstractRepositoryManager.java:709)
	at org.eclipse.equinox.internal.p2.metadata.repository.MetadataRepositoryManager.loadRepository(MetadataRepositoryManager.java:110)
	at org.eclipse.equinox.internal.p2.metadata.repository.MetadataRepositoryManager.loadRepository(MetadataRepositoryManager.java:105)
	at org.eclipse.equinox.internal.p2.metadata.repository.CompositeMetadataRepository.addChild(CompositeMetadataRepository.java:171)
	at org.eclipse.equinox.internal.p2.metadata.repository.CompositeMetadataRepository.<init>(CompositeMetadataRepository.java:113)
	at org.eclipse.equinox.internal.p2.metadata.repository.CompositeMetadataRepositoryFactory.load(CompositeMetadataRepositoryFactory.java:124)
	at org.eclipse.equinox.internal.p2.metadata.repository.MetadataRepositoryManager.factoryLoad(MetadataRepositoryManager.java:63)
	at org.eclipse.equinox.internal.p2.repository.helpers.AbstractRepositoryManager.loadRepository(AbstractRepositoryManager.java:787)
	at org.eclipse.equinox.internal.p2.repository.helpers.AbstractRepositoryManager.loadRepository(AbstractRepositoryManager.java:685)
	at org.eclipse.equinox.internal.p2.metadata.repository.MetadataRepositoryManager.loadRepository(MetadataRepositoryManager.java:110)
	at org.eclipse.equinox.internal.p2.metadata.repository.MetadataRepositoryManager.loadRepository(MetadataRepositoryManager.java:105)
	at org.eclipse.equinox.internal.p2.updatechecker.UpdateChecker.getAvailableRepositories(UpdateChecker.java:152)
	at org.eclipse.equinox.internal.p2.updatechecker.UpdateChecker.checkForUpdates(UpdateChecker.java:130)
	at org.eclipse.equinox.internal.p2.updatechecker.UpdateChecker$UpdateCheckThread.run(UpdateChecker.java:78)
!SUBENTRY 1 org.eclipse.equinox.p2.metadata.repository 4 1000 2024-08-30 10:05:38.479
!MESSAGE No repository found at https://software-dl.ti.com/ccs/esd/CCSv12/Updates/CCS12.7.0.00007_update.

!ENTRY org.eclipse.equinox.p2.metadata.repository 4 0 2024-08-30 10:05:38.481
!MESSAGE Unexpected error loading extension: org.eclipse.equinox.p2.metadata.repository.simpleRepository
!STACK 0
java.lang.NullPointerException
	at org.osgi.util.tracker.ServiceTracker.<init>(ServiceTracker.java:187)
	at org.osgi.util.tracker.ServiceTracker.<init>(ServiceTracker.java:250)
	at org.eclipse.ecf.internal.provider.filetransfer.httpclient5.Activator.getHttpClientFactory(Activator.java:242)
	at org.eclipse.ecf.internal.provider.filetransfer.httpclient5.Activator.getBrowseHttpClient(Activator.java:267)
	at org.eclipse.ecf.provider.filetransfer.httpclient5.HttpClientBrowseFileTransferFactory$1.sendBrowseRequest(HttpClientBrowseFileTransferFactory.java:59)
	at org.eclipse.ecf.provider.filetransfer.browse.MultiProtocolFileSystemBrowserAdapter.sendBrowseRequest(MultiProtocolFileSystemBrowserAdapter.java:97)
	at org.eclipse.equinox.internal.p2.transport.ecf.FileInfoReader.sendBrowseRequest(FileInfoReader.java:184)
	at org.eclipse.equinox.internal.p2.transport.ecf.FileInfoReader.getRemoteFiles(FileInfoReader.java:109)
	at org.eclipse.equinox.internal.p2.transport.ecf.FileInfoReader.getRemoteFile(FileInfoReader.java:125)
	at org.eclipse.equinox.internal.p2.transport.ecf.FileInfoReader.getLastModified(FileInfoReader.java:130)
	at org.eclipse.equinox.internal.p2.transport.ecf.RepositoryTransport.getLastModified(RepositoryTransport.java:249)
	at org.eclipse.equinox.internal.p2.repository.CacheManager.getLastModified(CacheManager.java:283)
	at org.eclipse.equinox.internal.p2.repository.CacheManager.createCache(CacheManager.java:231)
	at org.eclipse.equinox.internal.p2.metadata.repository.SimpleMetadataRepositoryFactory.getLocalFile(SimpleMetadataRepositoryFactory.java:69)
	at org.eclipse.equinox.internal.p2.metadata.repository.SimpleMetadataRepositoryFactory.load(SimpleMetadataRepositoryFactory.java:89)
	at org.eclipse.equinox.internal.p2.metadata.repository.MetadataRepositoryManager.factoryLoad(MetadataRepositoryManager.java:63)
	at org.eclipse.equinox.internal.p2.repository.helpers.AbstractRepositoryManager.loadRepository(AbstractRepositoryManager.java:787)
	at org.eclipse.equinox.internal.p2.repository.helpers.AbstractRepositoryManager.loadRepository(AbstractRepositoryManager.java:685)
	at org.eclipse.equinox.internal.p2.metadata.repository.MetadataRepositoryManager.loadRepository(MetadataRepositoryManager.java:110)
	at org.eclipse.equinox.internal.p2.metadata.repository.MetadataRepositoryManager.loadRepository(MetadataRepositoryManager.java:105)
	at org.eclipse.equinox.internal.p2.metadata.repository.CompositeMetadataRepository.addChild(CompositeMetadataRepository.java:171)
	at org.eclipse.equinox.internal.p2.metadata.repository.CompositeMetadataRepository.<init>(CompositeMetadataRepository.java:113)
	at org.eclipse.equinox.internal.p2.metadata.repository.CompositeMetadataRepositoryFactory.load(CompositeMetadataRepositoryFactory.java:124)
	at org.eclipse.equinox.internal.p2.metadata.repository.MetadataRepositoryManager.factoryLoad(MetadataRepositoryManager.java:63)
	at org.eclipse.equinox.internal.p2.repository.helpers.AbstractRepositoryManager.loadRepository(AbstractRepositoryManager.java:787)
	at org.eclipse.equinox.internal.p2.repository.helpers.AbstractRepositoryManager.loadRepository(AbstractRepositoryManager.java:685)
	at org.eclipse.equinox.internal.p2.metadata.repository.MetadataRepositoryManager.loadRepository(MetadataRepositoryManager.java:110)
	at org.eclipse.equinox.internal.p2.metadata.repository.MetadataRepositoryManager.loadRepository(MetadataRepositoryManager.java:105)
	at org.eclipse.equinox.internal.p2.updatechecker.UpdateChecker.getAvailableRepositories(UpdateChecker.java:152)
	at org.eclipse.equinox.internal.p2.updatechecker.UpdateChecker.checkForUpdates(UpdateChecker.java:130)
	at org.eclipse.equinox.internal.p2.updatechecker.UpdateChecker$UpdateCheckThread.run(UpdateChecker.java:78)

!ENTRY org.eclipse.equinox.p2.metadata.repository 4 0 2024-08-30 10:05:38.481
!MESSAGE Unexpected error loading extension: org.eclipse.equinox.p2.metadata.repository.compositeRepository
!STACK 0
java.lang.NullPointerException
	at org.osgi.util.tracker.ServiceTracker.<init>(ServiceTracker.java:187)
	at org.osgi.util.tracker.ServiceTracker.<init>(ServiceTracker.java:250)
	at org.eclipse.ecf.internal.provider.filetransfer.httpclient5.Activator.getHttpClientFactory(Activator.java:242)
	at org.eclipse.ecf.internal.provider.filetransfer.httpclient5.Activator.getBrowseHttpClient(Activator.java:267)
	at org.eclipse.ecf.provider.filetransfer.httpclient5.HttpClientBrowseFileTransferFactory$1.sendBrowseRequest(HttpClientBrowseFileTransferFactory.java:59)
	at org.eclipse.ecf.provider.filetransfer.browse.MultiProtocolFileSystemBrowserAdapter.sendBrowseRequest(MultiProtocolFileSystemBrowserAdapter.java:97)
	at org.eclipse.equinox.internal.p2.transport.ecf.FileInfoReader.sendBrowseRequest(FileInfoReader.java:184)
	at org.eclipse.equinox.internal.p2.transport.ecf.FileInfoReader.getRemoteFiles(FileInfoReader.java:109)
	at org.eclipse.equinox.internal.p2.transport.ecf.FileInfoReader.getRemoteFile(FileInfoReader.java:125)
	at org.eclipse.equinox.internal.p2.transport.ecf.FileInfoReader.getLastModified(FileInfoReader.java:130)
	at org.eclipse.equinox.internal.p2.transport.ecf.RepositoryTransport.getLastModified(RepositoryTransport.java:249)
	at org.eclipse.equinox.internal.p2.repository.CacheManager.getLastModified(CacheManager.java:283)
	at org.eclipse.equinox.internal.p2.repository.CacheManager.createCache(CacheManager.java:231)
	at org.eclipse.equinox.internal.p2.metadata.repository.CompositeMetadataRepositoryFactory.getLocalFile(CompositeMetadataRepositoryFactory.java:77)
	at org.eclipse.equinox.internal.p2.metadata.repository.CompositeMetadataRepositoryFactory.load(CompositeMetadataRepositoryFactory.java:100)
	at org.eclipse.equinox.internal.p2.metadata.repository.MetadataRepositoryManager.factoryLoad(MetadataRepositoryManager.java:63)
	at org.eclipse.equinox.internal.p2.repository.helpers.AbstractRepositoryManager.loadRepository(AbstractRepositoryManager.java:787)
	at org.eclipse.equinox.internal.p2.repository.helpers.AbstractRepositoryManager.loadRepository(AbstractRepositoryManager.java:685)
	at org.eclipse.equinox.internal.p2.metadata.repository.MetadataRepositoryManager.loadRepository(MetadataRepositoryManager.java:110)
	at org.eclipse.equinox.internal.p2.metadata.repository.MetadataRepositoryManager.loadRepository(MetadataRepositoryManager.java:105)
	at org.eclipse.equinox.internal.p2.metadata.repository.CompositeMetadataRepository.addChild(CompositeMetadataRepository.java:171)
	at org.eclipse.equinox.internal.p2.metadata.repository.CompositeMetadataRepository.<init>(CompositeMetadataRepository.java:113)
	at org.eclipse.equinox.internal.p2.metadata.repository.CompositeMetadataRepositoryFactory.load(CompositeMetadataRepositoryFactory.java:124)
	at org.eclipse.equinox.internal.p2.metadata.repository.MetadataRepositoryManager.factoryLoad(MetadataRepositoryManager.java:63)
	at org.eclipse.equinox.internal.p2.repository.helpers.AbstractRepositoryManager.loadRepository(AbstractRepositoryManager.java:787)
	at org.eclipse.equinox.internal.p2.repository.helpers.AbstractRepositoryManager.loadRepository(AbstractRepositoryManager.java:685)
	at org.eclipse.equinox.internal.p2.metadata.repository.MetadataRepositoryManager.loadRepository(MetadataRepositoryManager.java:110)
	at org.eclipse.equinox.internal.p2.metadata.repository.MetadataRepositoryManager.loadRepository(MetadataRepositoryManager.java:105)
	at org.eclipse.equinox.internal.p2.updatechecker.UpdateChecker.getAvailableRepositories(UpdateChecker.java:152)
	at org.eclipse.equinox.internal.p2.updatechecker.UpdateChecker.checkForUpdates(UpdateChecker.java:130)
	at org.eclipse.equinox.internal.p2.updatechecker.UpdateChecker$UpdateCheckThread.run(UpdateChecker.java:78)

!ENTRY org.eclipse.equinox.p2.metadata.repository 4 0 2024-08-30 10:05:38.482
!MESSAGE Unexpected error loading extension: org.eclipse.equinox.p2.updatesite.metadataRepository
!STACK 0
java.lang.NullPointerException
	at org.eclipse.equinox.internal.p2.updatesite.metadata.UpdateSiteMetadataRepositoryFactory.getLocalRepositoryLocation(UpdateSiteMetadataRepositoryFactory.java:40)
	at org.eclipse.equinox.internal.p2.updatesite.metadata.UpdateSiteMetadataRepositoryFactory.loadRepository(UpdateSiteMetadataRepositoryFactory.java:94)
	at org.eclipse.equinox.internal.p2.updatesite.metadata.UpdateSiteMetadataRepositoryFactory.load(UpdateSiteMetadataRepositoryFactory.java:60)
	at org.eclipse.equinox.internal.p2.metadata.repository.MetadataRepositoryManager.factoryLoad(MetadataRepositoryManager.java:63)
	at org.eclipse.equinox.internal.p2.repository.helpers.AbstractRepositoryManager.loadRepository(AbstractRepositoryManager.java:787)
	at org.eclipse.equinox.internal.p2.repository.helpers.AbstractRepositoryManager.loadRepository(AbstractRepositoryManager.java:685)
	at org.eclipse.equinox.internal.p2.metadata.repository.MetadataRepositoryManager.loadRepository(MetadataRepositoryManager.java:110)
	at org.eclipse.equinox.internal.p2.metadata.repository.MetadataRepositoryManager.loadRepository(MetadataRepositoryManager.java:105)
	at org.eclipse.equinox.internal.p2.metadata.repository.CompositeMetadataRepository.addChild(CompositeMetadataRepository.java:171)
	at org.eclipse.equinox.internal.p2.metadata.repository.CompositeMetadataRepository.<init>(CompositeMetadataRepository.java:113)
	at org.eclipse.equinox.internal.p2.metadata.repository.CompositeMetadataRepositoryFactory.load(CompositeMetadataRepositoryFactory.java:124)
	at org.eclipse.equinox.internal.p2.metadata.repository.MetadataRepositoryManager.factoryLoad(MetadataRepositoryManager.java:63)
	at org.eclipse.equinox.internal.p2.repository.helpers.AbstractRepositoryManager.loadRepository(AbstractRepositoryManager.java:787)
	at org.eclipse.equinox.internal.p2.repository.helpers.AbstractRepositoryManager.loadRepository(AbstractRepositoryManager.java:685)
	at org.eclipse.equinox.internal.p2.metadata.repository.MetadataRepositoryManager.loadRepository(MetadataRepositoryManager.java:110)
	at org.eclipse.equinox.internal.p2.metadata.repository.MetadataRepositoryManager.loadRepository(MetadataRepositoryManager.java:105)
	at org.eclipse.equinox.internal.p2.updatechecker.UpdateChecker.getAvailableRepositories(UpdateChecker.java:152)
	at org.eclipse.equinox.internal.p2.updatechecker.UpdateChecker.checkForUpdates(UpdateChecker.java:130)
	at org.eclipse.equinox.internal.p2.updatechecker.UpdateChecker$UpdateCheckThread.run(UpdateChecker.java:78)

!ENTRY org.eclipse.equinox.p2.core 4 0 2024-08-30 10:05:38.482
!MESSAGE Provisioning exception
!STACK 1
org.eclipse.equinox.p2.core.ProvisionException: No repository found at https://software-dl.ti.com/ccs/esd/CCSv12/Updates/CCS12.7.1.00001_update.
	at org.eclipse.equinox.internal.p2.repository.helpers.AbstractRepositoryManager.fail(AbstractRepositoryManager.java:405)
	at org.eclipse.equinox.internal.p2.repository.helpers.AbstractRepositoryManager.loadRepository(AbstractRepositoryManager.java:709)
	at org.eclipse.equinox.internal.p2.metadata.repository.MetadataRepositoryManager.loadRepository(MetadataRepositoryManager.java:110)
	at org.eclipse.equinox.internal.p2.metadata.repository.MetadataRepositoryManager.loadRepository(MetadataRepositoryManager.java:105)
	at org.eclipse.equinox.internal.p2.metadata.repository.CompositeMetadataRepository.addChild(CompositeMetadataRepository.java:171)
	at org.eclipse.equinox.internal.p2.metadata.repository.CompositeMetadataRepository.<init>(CompositeMetadataRepository.java:113)
	at org.eclipse.equinox.internal.p2.metadata.repository.CompositeMetadataRepositoryFactory.load(CompositeMetadataRepositoryFactory.java:124)
	at org.eclipse.equinox.internal.p2.metadata.repository.MetadataRepositoryManager.factoryLoad(MetadataRepositoryManager.java:63)
	at org.eclipse.equinox.internal.p2.repository.helpers.AbstractRepositoryManager.loadRepository(AbstractRepositoryManager.java:787)
	at org.eclipse.equinox.internal.p2.repository.helpers.AbstractRepositoryManager.loadRepository(AbstractRepositoryManager.java:685)
	at org.eclipse.equinox.internal.p2.metadata.repository.MetadataRepositoryManager.loadRepository(MetadataRepositoryManager.java:110)
	at org.eclipse.equinox.internal.p2.metadata.repository.MetadataRepositoryManager.loadRepository(MetadataRepositoryManager.java:105)
	at org.eclipse.equinox.internal.p2.updatechecker.UpdateChecker.getAvailableRepositories(UpdateChecker.java:152)
	at org.eclipse.equinox.internal.p2.updatechecker.UpdateChecker.checkForUpdates(UpdateChecker.java:130)
	at org.eclipse.equinox.internal.p2.updatechecker.UpdateChecker$UpdateCheckThread.run(UpdateChecker.java:78)
!SUBENTRY 1 org.eclipse.equinox.p2.metadata.repository 4 1000 2024-08-30 10:05:38.482
!MESSAGE No repository found at https://software-dl.ti.com/ccs/esd/CCSv12/Updates/CCS12.7.1.00001_update.

!ENTRY org.eclipse.equinox.p2.metadata.repository 4 0 2024-08-30 10:05:38.483
!MESSAGE Unexpected error loading extension: org.eclipse.equinox.p2.metadata.repository.simpleRepository
!STACK 0
java.lang.NullPointerException
	at org.osgi.util.tracker.ServiceTracker.<init>(ServiceTracker.java:187)
	at org.osgi.util.tracker.ServiceTracker.<init>(ServiceTracker.java:250)
	at org.eclipse.ecf.internal.provider.filetransfer.httpclient5.Activator.getHttpClientFactory(Activator.java:242)
	at org.eclipse.ecf.internal.provider.filetransfer.httpclient5.Activator.getBrowseHttpClient(Activator.java:267)
	at org.eclipse.ecf.provider.filetransfer.httpclient5.HttpClientBrowseFileTransferFactory$1.sendBrowseRequest(HttpClientBrowseFileTransferFactory.java:59)
	at org.eclipse.ecf.provider.filetransfer.browse.MultiProtocolFileSystemBrowserAdapter.sendBrowseRequest(MultiProtocolFileSystemBrowserAdapter.java:97)
	at org.eclipse.equinox.internal.p2.transport.ecf.FileInfoReader.sendBrowseRequest(FileInfoReader.java:184)
	at org.eclipse.equinox.internal.p2.transport.ecf.FileInfoReader.getRemoteFiles(FileInfoReader.java:109)
	at org.eclipse.equinox.internal.p2.transport.ecf.FileInfoReader.getRemoteFile(FileInfoReader.java:125)
	at org.eclipse.equinox.internal.p2.transport.ecf.FileInfoReader.getLastModified(FileInfoReader.java:130)
	at org.eclipse.equinox.internal.p2.transport.ecf.RepositoryTransport.getLastModified(RepositoryTransport.java:249)
	at org.eclipse.equinox.internal.p2.repository.CacheManager.getLastModified(CacheManager.java:283)
	at org.eclipse.equinox.internal.p2.repository.CacheManager.createCache(CacheManager.java:231)
	at org.eclipse.equinox.internal.p2.metadata.repository.SimpleMetadataRepositoryFactory.getLocalFile(SimpleMetadataRepositoryFactory.java:69)
	at org.eclipse.equinox.internal.p2.metadata.repository.SimpleMetadataRepositoryFactory.load(SimpleMetadataRepositoryFactory.java:89)
	at org.eclipse.equinox.internal.p2.metadata.repository.MetadataRepositoryManager.factoryLoad(MetadataRepositoryManager.java:63)
	at org.eclipse.equinox.internal.p2.repository.helpers.AbstractRepositoryManager.loadRepository(AbstractRepositoryManager.java:787)
	at org.eclipse.equinox.internal.p2.repository.helpers.AbstractRepositoryManager.loadRepository(AbstractRepositoryManager.java:685)
	at org.eclipse.equinox.internal.p2.metadata.repository.MetadataRepositoryManager.loadRepository(MetadataRepositoryManager.java:110)
	at org.eclipse.equinox.internal.p2.metadata.repository.MetadataRepositoryManager.loadRepository(MetadataRepositoryManager.java:105)
	at org.eclipse.equinox.internal.p2.metadata.repository.CompositeMetadataRepository.addChild(CompositeMetadataRepository.java:171)
	at org.eclipse.equinox.internal.p2.metadata.repository.CompositeMetadataRepository.<init>(CompositeMetadataRepository.java:113)
	at org.eclipse.equinox.internal.p2.metadata.repository.CompositeMetadataRepositoryFactory.load(CompositeMetadataRepositoryFactory.java:124)
	at org.eclipse.equinox.internal.p2.metadata.repository.MetadataRepositoryManager.factoryLoad(MetadataRepositoryManager.java:63)
	at org.eclipse.equinox.internal.p2.repository.helpers.AbstractRepositoryManager.loadRepository(AbstractRepositoryManager.java:787)
	at org.eclipse.equinox.internal.p2.repository.helpers.AbstractRepositoryManager.loadRepository(AbstractRepositoryManager.java:685)
	at org.eclipse.equinox.internal.p2.metadata.repository.MetadataRepositoryManager.loadRepository(MetadataRepositoryManager.java:110)
	at org.eclipse.equinox.internal.p2.metadata.repository.MetadataRepositoryManager.loadRepository(MetadataRepositoryManager.java:105)
	at org.eclipse.equinox.internal.p2.updatechecker.UpdateChecker.getAvailableRepositories(UpdateChecker.java:152)
	at org.eclipse.equinox.internal.p2.updatechecker.UpdateChecker.checkForUpdates(UpdateChecker.java:130)
	at org.eclipse.equinox.internal.p2.updatechecker.UpdateChecker$UpdateCheckThread.run(UpdateChecker.java:78)

!ENTRY org.eclipse.equinox.p2.metadata.repository 4 0 2024-08-30 10:05:38.484
!MESSAGE Unexpected error loading extension: org.eclipse.equinox.p2.metadata.repository.compositeRepository
!STACK 0
java.lang.NullPointerException
	at org.osgi.util.tracker.ServiceTracker.<init>(ServiceTracker.java:187)
	at org.osgi.util.tracker.ServiceTracker.<init>(ServiceTracker.java:250)
	at org.eclipse.ecf.internal.provider.filetransfer.httpclient5.Activator.getHttpClientFactory(Activator.java:242)
	at org.eclipse.ecf.internal.provider.filetransfer.httpclient5.Activator.getBrowseHttpClient(Activator.java:267)
	at org.eclipse.ecf.provider.filetransfer.httpclient5.HttpClientBrowseFileTransferFactory$1.sendBrowseRequest(HttpClientBrowseFileTransferFactory.java:59)
	at org.eclipse.ecf.provider.filetransfer.browse.MultiProtocolFileSystemBrowserAdapter.sendBrowseRequest(MultiProtocolFileSystemBrowserAdapter.java:97)
	at org.eclipse.equinox.internal.p2.transport.ecf.FileInfoReader.sendBrowseRequest(FileInfoReader.java:184)
	at org.eclipse.equinox.internal.p2.transport.ecf.FileInfoReader.getRemoteFiles(FileInfoReader.java:109)
	at org.eclipse.equinox.internal.p2.transport.ecf.FileInfoReader.getRemoteFile(FileInfoReader.java:125)
	at org.eclipse.equinox.internal.p2.transport.ecf.FileInfoReader.getLastModified(FileInfoReader.java:130)
	at org.eclipse.equinox.internal.p2.transport.ecf.RepositoryTransport.getLastModified(RepositoryTransport.java:249)
	at org.eclipse.equinox.internal.p2.repository.CacheManager.getLastModified(CacheManager.java:283)
	at org.eclipse.equinox.internal.p2.repository.CacheManager.createCache(CacheManager.java:231)
	at org.eclipse.equinox.internal.p2.metadata.repository.CompositeMetadataRepositoryFactory.getLocalFile(CompositeMetadataRepositoryFactory.java:77)
	at org.eclipse.equinox.internal.p2.metadata.repository.CompositeMetadataRepositoryFactory.load(CompositeMetadataRepositoryFactory.java:100)
	at org.eclipse.equinox.internal.p2.metadata.repository.MetadataRepositoryManager.factoryLoad(MetadataRepositoryManager.java:63)
	at org.eclipse.equinox.internal.p2.repository.helpers.AbstractRepositoryManager.loadRepository(AbstractRepositoryManager.java:787)
	at org.eclipse.equinox.internal.p2.repository.helpers.AbstractRepositoryManager.loadRepository(AbstractRepositoryManager.java:685)
	at org.eclipse.equinox.internal.p2.metadata.repository.MetadataRepositoryManager.loadRepository(MetadataRepositoryManager.java:110)
	at org.eclipse.equinox.internal.p2.metadata.repository.MetadataRepositoryManager.loadRepository(MetadataRepositoryManager.java:105)
	at org.eclipse.equinox.internal.p2.metadata.repository.CompositeMetadataRepository.addChild(CompositeMetadataRepository.java:171)
	at org.eclipse.equinox.internal.p2.metadata.repository.CompositeMetadataRepository.<init>(CompositeMetadataRepository.java:113)
	at org.eclipse.equinox.internal.p2.metadata.repository.CompositeMetadataRepositoryFactory.load(CompositeMetadataRepositoryFactory.java:124)
	at org.eclipse.equinox.internal.p2.metadata.repository.MetadataRepositoryManager.factoryLoad(MetadataRepositoryManager.java:63)
	at org.eclipse.equinox.internal.p2.repository.helpers.AbstractRepositoryManager.loadRepository(AbstractRepositoryManager.java:787)
	at org.eclipse.equinox.internal.p2.repository.helpers.AbstractRepositoryManager.loadRepository(AbstractRepositoryManager.java:685)
	at org.eclipse.equinox.internal.p2.metadata.repository.MetadataRepositoryManager.loadRepository(MetadataRepositoryManager.java:110)
	at org.eclipse.equinox.internal.p2.metadata.repository.MetadataRepositoryManager.loadRepository(MetadataRepositoryManager.java:105)
	at org.eclipse.equinox.internal.p2.updatechecker.UpdateChecker.getAvailableRepositories(UpdateChecker.java:152)
	at org.eclipse.equinox.internal.p2.updatechecker.UpdateChecker.checkForUpdates(UpdateChecker.java:130)
	at org.eclipse.equinox.internal.p2.updatechecker.UpdateChecker$UpdateCheckThread.run(UpdateChecker.java:78)

!ENTRY org.eclipse.equinox.p2.metadata.repository 4 0 2024-08-30 10:05:38.485
!MESSAGE Unexpected error loading extension: org.eclipse.equinox.p2.updatesite.metadataRepository
!STACK 0
java.lang.NullPointerException
	at org.eclipse.equinox.internal.p2.updatesite.metadata.UpdateSiteMetadataRepositoryFactory.getLocalRepositoryLocation(UpdateSiteMetadataRepositoryFactory.java:40)
	at org.eclipse.equinox.internal.p2.updatesite.metadata.UpdateSiteMetadataRepositoryFactory.loadRepository(UpdateSiteMetadataRepositoryFactory.java:94)
	at org.eclipse.equinox.internal.p2.updatesite.metadata.UpdateSiteMetadataRepositoryFactory.load(UpdateSiteMetadataRepositoryFactory.java:60)
	at org.eclipse.equinox.internal.p2.metadata.repository.MetadataRepositoryManager.factoryLoad(MetadataRepositoryManager.java:63)
	at org.eclipse.equinox.internal.p2.repository.helpers.AbstractRepositoryManager.loadRepository(AbstractRepositoryManager.java:787)
	at org.eclipse.equinox.internal.p2.repository.helpers.AbstractRepositoryManager.loadRepository(AbstractRepositoryManager.java:685)
	at org.eclipse.equinox.internal.p2.metadata.repository.MetadataRepositoryManager.loadRepository(MetadataRepositoryManager.java:110)
	at org.eclipse.equinox.internal.p2.metadata.repository.MetadataRepositoryManager.loadRepository(MetadataRepositoryManager.java:105)
	at org.eclipse.equinox.internal.p2.metadata.repository.CompositeMetadataRepository.addChild(CompositeMetadataRepository.java:171)
	at org.eclipse.equinox.internal.p2.metadata.repository.CompositeMetadataRepository.<init>(CompositeMetadataRepository.java:113)
	at org.eclipse.equinox.internal.p2.metadata.repository.CompositeMetadataRepositoryFactory.load(CompositeMetadataRepositoryFactory.java:124)
	at org.eclipse.equinox.internal.p2.metadata.repository.MetadataRepositoryManager.factoryLoad(MetadataRepositoryManager.java:63)
	at org.eclipse.equinox.internal.p2.repository.helpers.AbstractRepositoryManager.loadRepository(AbstractRepositoryManager.java:787)
	at org.eclipse.equinox.internal.p2.repository.helpers.AbstractRepositoryManager.loadRepository(AbstractRepositoryManager.java:685)
	at org.eclipse.equinox.internal.p2.metadata.repository.MetadataRepositoryManager.loadRepository(MetadataRepositoryManager.java:110)
	at org.eclipse.equinox.internal.p2.metadata.repository.MetadataRepositoryManager.loadRepository(MetadataRepositoryManager.java:105)
	at org.eclipse.equinox.internal.p2.updatechecker.UpdateChecker.getAvailableRepositories(UpdateChecker.java:152)
	at org.eclipse.equinox.internal.p2.updatechecker.UpdateChecker.checkForUpdates(UpdateChecker.java:130)
	at org.eclipse.equinox.internal.p2.updatechecker.UpdateChecker$UpdateCheckThread.run(UpdateChecker.java:78)

!ENTRY org.eclipse.equinox.p2.core 4 0 2024-08-30 10:05:38.485
!MESSAGE Provisioning exception
!STACK 1
org.eclipse.equinox.p2.core.ProvisionException: No repository found at https://software-dl.ti.com/ccs/esd/CCSv12/Updates/CCS12.8.0.00012_update.
	at org.eclipse.equinox.internal.p2.repository.helpers.AbstractRepositoryManager.fail(AbstractRepositoryManager.java:405)
	at org.eclipse.equinox.internal.p2.repository.helpers.AbstractRepositoryManager.loadRepository(AbstractRepositoryManager.java:709)
	at org.eclipse.equinox.internal.p2.metadata.repository.MetadataRepositoryManager.loadRepository(MetadataRepositoryManager.java:110)
	at org.eclipse.equinox.internal.p2.metadata.repository.MetadataRepositoryManager.loadRepository(MetadataRepositoryManager.java:105)
	at org.eclipse.equinox.internal.p2.metadata.repository.CompositeMetadataRepository.addChild(CompositeMetadataRepository.java:171)
	at org.eclipse.equinox.internal.p2.metadata.repository.CompositeMetadataRepository.<init>(CompositeMetadataRepository.java:113)
	at org.eclipse.equinox.internal.p2.metadata.repository.CompositeMetadataRepositoryFactory.load(CompositeMetadataRepositoryFactory.java:124)
	at org.eclipse.equinox.internal.p2.metadata.repository.MetadataRepositoryManager.factoryLoad(MetadataRepositoryManager.java:63)
	at org.eclipse.equinox.internal.p2.repository.helpers.AbstractRepositoryManager.loadRepository(AbstractRepositoryManager.java:787)
	at org.eclipse.equinox.internal.p2.repository.helpers.AbstractRepositoryManager.loadRepository(AbstractRepositoryManager.java:685)
	at org.eclipse.equinox.internal.p2.metadata.repository.MetadataRepositoryManager.loadRepository(MetadataRepositoryManager.java:110)
	at org.eclipse.equinox.internal.p2.metadata.repository.MetadataRepositoryManager.loadRepository(MetadataRepositoryManager.java:105)
	at org.eclipse.equinox.internal.p2.updatechecker.UpdateChecker.getAvailableRepositories(UpdateChecker.java:152)
	at org.eclipse.equinox.internal.p2.updatechecker.UpdateChecker.checkForUpdates(UpdateChecker.java:130)
	at org.eclipse.equinox.internal.p2.updatechecker.UpdateChecker$UpdateCheckThread.run(UpdateChecker.java:78)
!SUBENTRY 1 org.eclipse.equinox.p2.metadata.repository 4 1000 2024-08-30 10:05:38.485
!MESSAGE No repository found at https://software-dl.ti.com/ccs/esd/CCSv12/Updates/CCS12.8.0.00012_update.

!ENTRY org.eclipse.equinox.p2.metadata.repository 4 0 2024-08-30 10:05:38.495
!MESSAGE Unexpected error loading extension: org.eclipse.equinox.p2.metadata.repository.simpleRepository
!STACK 0
java.lang.NullPointerException
	at org.osgi.util.tracker.ServiceTracker.<init>(ServiceTracker.java:187)
	at org.osgi.util.tracker.ServiceTracker.<init>(ServiceTracker.java:250)
	at org.eclipse.ecf.internal.provider.filetransfer.httpclient5.Activator.getHttpClientFactory(Activator.java:242)
	at org.eclipse.ecf.internal.provider.filetransfer.httpclient5.Activator.getBrowseHttpClient(Activator.java:267)
	at org.eclipse.ecf.provider.filetransfer.httpclient5.HttpClientBrowseFileTransferFactory$1.sendBrowseRequest(HttpClientBrowseFileTransferFactory.java:59)
	at org.eclipse.ecf.provider.filetransfer.browse.MultiProtocolFileSystemBrowserAdapter.sendBrowseRequest(MultiProtocolFileSystemBrowserAdapter.java:97)
	at org.eclipse.equinox.internal.p2.transport.ecf.FileInfoReader.sendBrowseRequest(FileInfoReader.java:184)
	at org.eclipse.equinox.internal.p2.transport.ecf.FileInfoReader.getRemoteFiles(FileInfoReader.java:109)
	at org.eclipse.equinox.internal.p2.transport.ecf.FileInfoReader.getRemoteFile(FileInfoReader.java:125)
	at org.eclipse.equinox.internal.p2.transport.ecf.FileInfoReader.getLastModified(FileInfoReader.java:130)
	at org.eclipse.equinox.internal.p2.transport.ecf.RepositoryTransport.getLastModified(RepositoryTransport.java:249)
	at org.eclipse.equinox.internal.p2.repository.CacheManager.getLastModified(CacheManager.java:283)
	at org.eclipse.equinox.internal.p2.repository.CacheManager.createCache(CacheManager.java:231)
	at org.eclipse.equinox.internal.p2.metadata.repository.SimpleMetadataRepositoryFactory.getLocalFile(SimpleMetadataRepositoryFactory.java:69)
	at org.eclipse.equinox.internal.p2.metadata.repository.SimpleMetadataRepositoryFactory.load(SimpleMetadataRepositoryFactory.java:89)
	at org.eclipse.equinox.internal.p2.metadata.repository.MetadataRepositoryManager.factoryLoad(MetadataRepositoryManager.java:63)
	at org.eclipse.equinox.internal.p2.repository.helpers.AbstractRepositoryManager.loadRepository(AbstractRepositoryManager.java:787)
	at org.eclipse.equinox.internal.p2.repository.helpers.AbstractRepositoryManager.loadRepository(AbstractRepositoryManager.java:685)
	at org.eclipse.equinox.internal.p2.metadata.repository.MetadataRepositoryManager.loadRepository(MetadataRepositoryManager.java:110)
	at org.eclipse.equinox.internal.p2.metadata.repository.MetadataRepositoryManager.loadRepository(MetadataRepositoryManager.java:105)
	at org.eclipse.equinox.internal.p2.updatechecker.UpdateChecker.getAvailableRepositories(UpdateChecker.java:152)
	at org.eclipse.equinox.internal.p2.updatechecker.UpdateChecker.checkForUpdates(UpdateChecker.java:130)
	at org.eclipse.equinox.internal.p2.updatechecker.UpdateChecker$UpdateCheckThread.run(UpdateChecker.java:78)

!ENTRY org.eclipse.equinox.p2.metadata.repository 4 0 2024-08-30 10:05:38.496
!MESSAGE Unexpected error loading extension: org.eclipse.equinox.p2.metadata.repository.compositeRepository
!STACK 0
java.lang.NullPointerException
	at org.osgi.util.tracker.ServiceTracker.<init>(ServiceTracker.java:187)
	at org.osgi.util.tracker.ServiceTracker.<init>(ServiceTracker.java:250)
	at org.eclipse.ecf.internal.provider.filetransfer.httpclient5.Activator.getHttpClientFactory(Activator.java:242)
	at org.eclipse.ecf.internal.provider.filetransfer.httpclient5.Activator.getBrowseHttpClient(Activator.java:267)
	at org.eclipse.ecf.provider.filetransfer.httpclient5.HttpClientBrowseFileTransferFactory$1.sendBrowseRequest(HttpClientBrowseFileTransferFactory.java:59)
	at org.eclipse.ecf.provider.filetransfer.browse.MultiProtocolFileSystemBrowserAdapter.sendBrowseRequest(MultiProtocolFileSystemBrowserAdapter.java:97)
	at org.eclipse.equinox.internal.p2.transport.ecf.FileInfoReader.sendBrowseRequest(FileInfoReader.java:184)
	at org.eclipse.equinox.internal.p2.transport.ecf.FileInfoReader.getRemoteFiles(FileInfoReader.java:109)
	at org.eclipse.equinox.internal.p2.transport.ecf.FileInfoReader.getRemoteFile(FileInfoReader.java:125)
	at org.eclipse.equinox.internal.p2.transport.ecf.FileInfoReader.getLastModified(FileInfoReader.java:130)
	at org.eclipse.equinox.internal.p2.transport.ecf.RepositoryTransport.getLastModified(RepositoryTransport.java:249)
	at org.eclipse.equinox.internal.p2.repository.CacheManager.getLastModified(CacheManager.java:283)
	at org.eclipse.equinox.internal.p2.repository.CacheManager.createCache(CacheManager.java:231)
	at org.eclipse.equinox.internal.p2.metadata.repository.CompositeMetadataRepositoryFactory.getLocalFile(CompositeMetadataRepositoryFactory.java:77)
	at org.eclipse.equinox.internal.p2.metadata.repository.CompositeMetadataRepositoryFactory.load(CompositeMetadataRepositoryFactory.java:100)
	at org.eclipse.equinox.internal.p2.metadata.repository.MetadataRepositoryManager.factoryLoad(MetadataRepositoryManager.java:63)
	at org.eclipse.equinox.internal.p2.repository.helpers.AbstractRepositoryManager.loadRepository(AbstractRepositoryManager.java:787)
	at org.eclipse.equinox.internal.p2.repository.helpers.AbstractRepositoryManager.loadRepository(AbstractRepositoryManager.java:685)
	at org.eclipse.equinox.internal.p2.metadata.repository.MetadataRepositoryManager.loadRepository(MetadataRepositoryManager.java:110)
	at org.eclipse.equinox.internal.p2.metadata.repository.MetadataRepositoryManager.loadRepository(MetadataRepositoryManager.java:105)
	at org.eclipse.equinox.internal.p2.updatechecker.UpdateChecker.getAvailableRepositories(UpdateChecker.java:152)
	at org.eclipse.equinox.internal.p2.updatechecker.UpdateChecker.checkForUpdates(UpdateChecker.java:130)
	at org.eclipse.equinox.internal.p2.updatechecker.UpdateChecker$UpdateCheckThread.run(UpdateChecker.java:78)

!ENTRY org.eclipse.equinox.p2.metadata.repository 4 0 2024-08-30 10:05:38.496
!MESSAGE Unexpected error loading extension: org.eclipse.equinox.p2.updatesite.metadataRepository
!STACK 0
java.lang.NullPointerException
	at org.eclipse.equinox.internal.p2.updatesite.metadata.UpdateSiteMetadataRepositoryFactory.getLocalRepositoryLocation(UpdateSiteMetadataRepositoryFactory.java:40)
	at org.eclipse.equinox.internal.p2.updatesite.metadata.UpdateSiteMetadataRepositoryFactory.loadRepository(UpdateSiteMetadataRepositoryFactory.java:94)
	at org.eclipse.equinox.internal.p2.updatesite.metadata.UpdateSiteMetadataRepositoryFactory.load(UpdateSiteMetadataRepositoryFactory.java:60)
	at org.eclipse.equinox.internal.p2.metadata.repository.MetadataRepositoryManager.factoryLoad(MetadataRepositoryManager.java:63)
	at org.eclipse.equinox.internal.p2.repository.helpers.AbstractRepositoryManager.loadRepository(AbstractRepositoryManager.java:787)
	at org.eclipse.equinox.internal.p2.repository.helpers.AbstractRepositoryManager.loadRepository(AbstractRepositoryManager.java:685)
	at org.eclipse.equinox.internal.p2.metadata.repository.MetadataRepositoryManager.loadRepository(MetadataRepositoryManager.java:110)
	at org.eclipse.equinox.internal.p2.metadata.repository.MetadataRepositoryManager.loadRepository(MetadataRepositoryManager.java:105)
	at org.eclipse.equinox.internal.p2.updatechecker.UpdateChecker.getAvailableRepositories(UpdateChecker.java:152)
	at org.eclipse.equinox.internal.p2.updatechecker.UpdateChecker.checkForUpdates(UpdateChecker.java:130)
	at org.eclipse.equinox.internal.p2.updatechecker.UpdateChecker$UpdateCheckThread.run(UpdateChecker.java:78)

!ENTRY org.eclipse.equinox.p2.metadata.repository 4 1000 2024-08-30 10:05:38.496
!MESSAGE No repository found at https://software-dl.ti.com/ccs/non-esd/dvt/ccs6.0.

!ENTRY org.eclipse.equinox.p2.repository 2 0 2024-08-30 10:05:38.497
!MESSAGE Using unsafe http transport to retrieve http://software-dl.ti.com/dsps/dsps_public_sw/sdo_ccstudio/codegen/Updates/p2win32/content.xml.xz, see CVE-2021-41033. Consider using https instead.

!ENTRY org.eclipse.equinox.p2.transport.ecf 4 1002 2024-08-30 10:05:38.498
!MESSAGE Error while reading from repository: http://software-dl.ti.com/dsps/dsps_public_sw/sdo_ccstudio/codegen/Updates/p2win32/content.xml.xz.

!ENTRY org.eclipse.equinox.p2.updatechecker 4 0 2024-08-30 10:05:38.582
!MESSAGE Exception in update check thread
!STACK 0
java.lang.IllegalStateException: Provisioning system has not been initialized
	at org.eclipse.equinox.internal.p2.updatechecker.UpdateChecker.getPlanner(UpdateChecker.java:176)
	at org.eclipse.equinox.internal.p2.updatechecker.UpdateChecker.checkForUpdates(UpdateChecker.java:136)
	at org.eclipse.equinox.internal.p2.updatechecker.UpdateChecker$UpdateCheckThread.run(UpdateChecker.java:78)
!SESSION 2024-08-30 10:05:41.901 -----------------------------------------------
eclipse.buildId=4.23.0.I20220308-0310
java.version=11.0.13
java.vendor=Eclipse Adoptium
BootLoader constants: OS=win32, ARCH=x86_64, WS=win32, NL=en_US
Framework arguments:  -product com.ti.ccstudio.branding.product
Command-line arguments:  -os win32 -ws win32 -arch x86_64 -product com.ti.ccstudio.branding.product

!ENTRY com.ti.common.core 1 0 2024-08-30 10:05:43.067
!MESSAGE path=ccs_base/DebugServer

!ENTRY com.ti.common.core 1 0 2024-08-30 10:05:43.069
!MESSAGE debugServerDir=C:/ti/ccs1280/ccs/ccs_base/DebugServer

!ENTRY com.ti.ccstudio.ui 1 0 2024-08-30 10:05:48.675
!MESSAGE CCS IDE session started!
	CCS build: 12.8.0.00012
	CCS location: C:/ti/ccs1280/ccs
	Workspace location: C:/Users/priva/OneDrive - Texas Tech University/Documents/ccs_workspace

!ENTRY com.ti.dbgtrc.webapp.CloudTraceInterface 0 0 2024-08-30 10:05:48.837
!MESSAGE constructor

!ENTRY com.ti.dbgtrc.webapp.CloudTraceInterface 0 0 2024-08-30 10:05:48.839
!MESSAGE done with directories

!ENTRY com.ti.dbgtrc.webapp.CloudTraceInterface 0 0 2024-08-30 10:05:48.840
!MESSAGE loading ti_logger

!ENTRY com.ti.dbgtrc.webapp.CloudTraceInterface 0 0 2024-08-30 10:05:48.841
!MESSAGE Platform os: win32

!ENTRY com.ti.dbgtrc.webapp.CloudTraceInterface 0 0 2024-08-30 10:05:48.842
!MESSAGE loading cToolsIF

!ENTRY com.ti.dbgtrc.webapp.CloudTraceInterface 0 0 2024-08-30 10:05:48.845
!MESSAGE loading cTools

!ENTRY com.ti.dbgtrc.webapp.CloudTraceInterface 0 0 2024-08-30 10:05:48.847
!MESSAGE loading TraceFactory

!ENTRY com.ti.dbgtrc.webapp.CloudTraceInterface 0 0 2024-08-30 10:05:48.849
!MESSAGE loading sqlite3

!ENTRY com.ti.dbgtrc.webapp.CloudTraceInterface 0 0 2024-08-30 10:05:48.850
!MESSAGE loading CloudTrace

!ENTRY com.ti.dbgtrc.webapp.CloudTraceInterface 0 0 2024-08-30 10:05:48.853
!MESSAGE CloudTrace interface loaded

!ENTRY com.ti.ccstudio.project.ui.webcontent 1 0 2024-08-30 10:05:48.965
!MESSAGE CCS HTTP adapter started! [ccs.port:63216] - Open 'http://localhost:63216/ide' in web browser to see listing of available APIs...

!ENTRY org.eclipse.equinox.p2.repository 2 0 2024-08-30 10:05:50.357
!MESSAGE Using unsafe http transport to retrieve http://software-dl.ti.com/dsps/dsps_public_sw/sdo_ccstudio/codegen/Updates/p2linux/artifacts.xml.xz, see CVE-2021-41033. Consider using https instead.

!ENTRY org.eclipse.equinox.p2.repository 2 0 2024-08-30 10:05:50.694
!MESSAGE Using unsafe http transport to retrieve http://software-dl.ti.com/dsps/dsps_public_sw/sdo_ccstudio/codegen/Updates/p2mac/artifacts.xml.xz, see CVE-2021-41033. Consider using https instead.

!ENTRY org.eclipse.equinox.p2.repository 2 0 2024-08-30 10:05:50.961
!MESSAGE Using unsafe http transport to retrieve http://software-dl.ti.com/dsps/dsps_public_sw/sdo_ccstudio/codegen/Updates/p2linux/content.xml.xz, see CVE-2021-41033. Consider using https instead.

!ENTRY org.eclipse.equinox.p2.repository 2 0 2024-08-30 10:05:51.625
!MESSAGE Using unsafe http transport to retrieve http://software-dl.ti.com/dsps/dsps_public_sw/sdo_ccstudio/codegen/Updates/p2mac/content.xml.xz, see CVE-2021-41033. Consider using https instead.

!ENTRY org.eclipse.equinox.p2.repository 2 0 2024-08-30 10:05:51.922
!MESSAGE Using unsafe http transport to retrieve http://software-dl.ti.com/dsps/dsps_public_sw/sdo_ccstudio/codegen/Updates/p2win32/content.xml.xz, see CVE-2021-41033. Consider using https instead.

!ENTRY org.eclipse.equinox.p2.repository 2 0 2024-08-30 10:05:52.982
!MESSAGE Using unsafe http transport to retrieve http://software-dl.ti.com/dsps/dsps_public_sw/sdo_ccstudio/codegen/Updates/p2linux/artifacts.xml.xz, see CVE-2021-41033. Consider using https instead.

!ENTRY org.eclipse.equinox.p2.repository 2 0 2024-08-30 10:05:53.155
!MESSAGE Using unsafe http transport to retrieve http://software-dl.ti.com/dsps/dsps_public_sw/sdo_ccstudio/codegen/Updates/p2mac/artifacts.xml.xz, see CVE-2021-41033. Consider using https instead.

!ENTRY org.eclipse.equinox.p2.repository 2 0 2024-08-30 10:05:53.307
!MESSAGE Using unsafe http transport to retrieve http://software-dl.ti.com/dsps/dsps_public_sw/sdo_ccstudio/CCSv5/Updates/, see CVE-2021-41033. Consider using https instead.

!ENTRY org.eclipse.equinox.p2.repository 2 0 2024-08-30 10:05:54.042
!MESSAGE Using unsafe http transport to retrieve http://software-dl.ti.com/dsps/dsps_public_sw/sdo_ccstudio/codegen/Updates/p2linux/content.xml.xz, see CVE-2021-41033. Consider using https instead.

!ENTRY org.eclipse.equinox.p2.repository 2 0 2024-08-30 10:05:54.535
!MESSAGE Using unsafe http transport to retrieve http://software-dl.ti.com/dsps/dsps_public_sw/sdo_ccstudio/codegen/Updates/p2mac/content.xml.xz, see CVE-2021-41033. Consider using https instead.

!ENTRY org.eclipse.equinox.p2.repository 2 0 2024-08-30 10:05:54.946
!MESSAGE Using unsafe http transport to retrieve http://software-dl.ti.com/dsps/dsps_public_sw/sdo_ccstudio/CCSv5/Updates/, see CVE-2021-41033. Consider using https instead.

!ENTRY org.eclipse.equinox.p2.repository 2 0 2024-08-30 10:05:55.124
!MESSAGE Using unsafe http transport to retrieve http://software-dl.ti.com/dsps/dsps_public_sw/sdo_ccstudio/codegen/Updates/p2win32/content.xml.xz, see CVE-2021-41033. Consider using https instead.

!ENTRY org.eclipse.equinox.p2.repository 2 0 2024-08-30 10:05:56.201
!MESSAGE Using unsafe http transport to retrieve http://software-dl.ti.com/dsps/dsps_public_sw/sdo_ccstudio/codegen/Updates/p2linux/artifacts.xml.xz, see CVE-2021-41033. Consider using https instead.

!ENTRY org.eclipse.equinox.p2.repository 2 0 2024-08-30 10:05:56.549
!MESSAGE Using unsafe http transport to retrieve http://software-dl.ti.com/dsps/dsps_public_sw/sdo_ccstudio/codegen/Updates/p2linux/content.xml.xz, see CVE-2021-41033. Consider using https instead.

!ENTRY org.eclipse.equinox.p2.repository 2 0 2024-08-30 10:05:56.923
!MESSAGE Using unsafe http transport to retrieve http://software-dl.ti.com/dsps/dsps_public_sw/sdo_ccstudio/codegen/Updates/p2win32/content.xml.xz, see CVE-2021-41033. Consider using https instead.

!ENTRY org.eclipse.equinox.p2.core 4 0 2024-08-30 10:06:40.444
!MESSAGE Provisioning exception
!STACK 1
org.eclipse.equinox.p2.core.ProvisionException: No repository found at https://software-dl.ti.com/ccs/esd/CCSv12/Updates/CCS12.0.0.00009_update.
	at org.eclipse.equinox.internal.p2.repository.helpers.AbstractRepositoryManager.fail(AbstractRepositoryManager.java:405)
	at org.eclipse.equinox.internal.p2.repository.helpers.AbstractRepositoryManager.loadRepository(AbstractRepositoryManager.java:709)
	at org.eclipse.equinox.internal.p2.metadata.repository.MetadataRepositoryManager.loadRepository(MetadataRepositoryManager.java:110)
	at org.eclipse.equinox.internal.p2.metadata.repository.MetadataRepositoryManager.loadRepository(MetadataRepositoryManager.java:105)
	at org.eclipse.equinox.internal.p2.metadata.repository.CompositeMetadataRepository.addChild(CompositeMetadataRepository.java:171)
	at org.eclipse.equinox.internal.p2.metadata.repository.CompositeMetadataRepository.<init>(CompositeMetadataRepository.java:113)
	at org.eclipse.equinox.internal.p2.metadata.repository.CompositeMetadataRepositoryFactory.load(CompositeMetadataRepositoryFactory.java:124)
	at org.eclipse.equinox.internal.p2.metadata.repository.MetadataRepositoryManager.factoryLoad(MetadataRepositoryManager.java:63)
	at org.eclipse.equinox.internal.p2.repository.helpers.AbstractRepositoryManager.loadRepository(AbstractRepositoryManager.java:787)
	at org.eclipse.equinox.internal.p2.repository.helpers.AbstractRepositoryManager.loadRepository(AbstractRepositoryManager.java:685)
	at org.eclipse.equinox.internal.p2.metadata.repository.MetadataRepositoryManager.loadRepository(MetadataRepositoryManager.java:110)
	at org.eclipse.equinox.internal.p2.metadata.repository.MetadataRepositoryManager.loadRepository(MetadataRepositoryManager.java:105)
	at org.eclipse.equinox.internal.p2.updatechecker.UpdateChecker.getAvailableRepositories(UpdateChecker.java:152)
	at org.eclipse.equinox.internal.p2.updatechecker.UpdateChecker.checkForUpdates(UpdateChecker.java:130)
	at org.eclipse.equinox.internal.p2.updatechecker.UpdateChecker$UpdateCheckThread.run(UpdateChecker.java:78)
!SUBENTRY 1 org.eclipse.equinox.p2.metadata.repository 4 1000 2024-08-30 10:06:40.445
!MESSAGE No repository found at https://software-dl.ti.com/ccs/esd/CCSv12/Updates/CCS12.0.0.00009_update.

!ENTRY org.eclipse.equinox.p2.repository 2 0 2024-08-30 10:06:53.684
!MESSAGE Using unsafe http transport to retrieve http://software-dl.ti.com/dsps/dsps_public_sw/sdo_ccstudio/codegen/Updates/p2win32/content.xml.xz, see CVE-2021-41033. Consider using https instead.

!ENTRY org.eclipse.core.resources 4 566 2024-08-30 10:07:11.652
!MESSAGE Workspace was not properly initialized or has already shutdown.
